# JRE version: OpenJDK Runtime Environment Microsoft-8035246 (17.0.8+7) (build 17.0.8+7-LTS)
# Java VM: OpenJDK 64-Bit Server VM Microsoft-8035246 (17.0.8+7-LTS, mixed mode, sharing, tiered, compressed oops, compressed class ptrs, g1 gc, windows-amd64)
GC Precious Log:
 CPUs: 8 total, 8 available
 Memory: 20245M
 Large Page Support: Disabled
 NUMA Support: Disabled
 Compressed Oops: Enabled (32-bit)
 Heap Region Size: 1M
 Heap Min Capacity: 8M
 Heap Initial Capacity: 318M
 Heap Max Capacity: 2G
 Pre-touch: Disabled
 Parallel Workers: 8
 Concurrent Workers: 2
 Concurrent Refinement Workers: 8
 Periodic GC: Disabled
Heap:
 garbage-first heap   total 307200K, used 226747K [0x0000000080000000, 0x0000000100000000)
  region size 1024K, 22 young (22528K), 5 survivors (5120K)
 Metaspace       used 109168K, committed 110336K, reserved 557056K
  class space    used 15253K, committed 15808K, reserved 425984K
GC Heap History (20 events):
Event: 28.170 GC heap before
{Heap before GC invocations=30 (full 0):
 garbage-first heap   total 307200K, used 239996K [0x0000000080000000, 0x0000000100000000)
  region size 1024K, 149 young (152576K), 10 survivors (10240K)
 Metaspace       used 89860K, committed 90688K, reserved 557056K
  class space    used 12763K, committed 13184K, reserved 425984K
}
Event: 28.180 GC heap after
{Heap after GC invocations=31 (full 0):
 garbage-first heap   total 307200K, used 103623K [0x0000000080000000, 0x0000000100000000)
  region size 1024K, 16 young (16384K), 16 survivors (16384K)
 Metaspace       used 89860K, committed 90688K, reserved 557056K
  class space    used 12763K, committed 13184K, reserved 425984K
}
Event: 31.189 GC heap before
{Heap before GC invocations=31 (full 0):
 garbage-first heap   total 307200K, used 250055K [0x0000000080000000, 0x0000000100000000)
  region size 1024K, 153 young (156672K), 16 survivors (16384K)
 Metaspace       used 93087K, committed 94016K, reserved 557056K
  class space    used 13188K, committed 13632K, reserved 425984K
}
Event: 31.231 GC heap after
{Heap after GC invocations=32 (full 0):
 garbage-first heap   total 307200K, used 131784K [0x0000000080000000, 0x0000000100000000)
  region size 1024K, 20 young (20480K), 20 survivors (20480K)
 Metaspace       used 93087K, committed 94016K, reserved 557056K
  class space    used 13188K, committed 13632K, reserved 425984K
}
Event: 33.926 GC heap before
{Heap before GC invocations=32 (full 0):
 garbage-first heap   total 307200K, used 241352K [0x0000000080000000, 0x0000000100000000)
  region size 1024K, 127 young (130048K), 20 survivors (20480K)
 Metaspace       used 98248K, committed 99200K, reserved 557056K
  class space    used 13933K, committed 14400K, reserved 425984K
}
Event: 33.960 GC heap after
{Heap after GC invocations=33 (full 0):
 garbage-first heap   total 307200K, used 142612K [0x0000000080000000, 0x0000000100000000)
  region size 1024K, 10 young (10240K), 10 survivors (10240K)
 Metaspace       used 98248K, committed 99200K, reserved 557056K
  class space    used 13933K, committed 14400K, reserved 425984K
}
Event: 36.593 GC heap before
{Heap before GC invocations=33 (full 0):
 garbage-first heap   total 307200K, used 245012K [0x0000000080000000, 0x0000000100000000)
  region size 1024K, 110 young (112640K), 10 survivors (10240K)
 Metaspace       used 100618K, committed 101568K, reserved 557056K
  class space    used 14231K, committed 14720K, reserved 425984K
}
Event: 36.625 GC heap after
{Heap after GC invocations=34 (full 0):
 garbage-first heap   total 307200K, used 156656K [0x0000000080000000, 0x0000000100000000)
  region size 1024K, 14 young (14336K), 14 survivors (14336K)
 Metaspace       used 100618K, committed 101568K, reserved 557056K
  class space    used 14231K, committed 14720K, reserved 425984K
}
Event: 38.944 GC heap before
{Heap before GC invocations=34 (full 0):
 garbage-first heap   total 307200K, used 246768K [0x0000000080000000, 0x0000000100000000)
  region size 1024K, 101 young (103424K), 14 survivors (14336K)
 Metaspace       used 101365K, committed 102336K, reserved 557056K
  class space    used 14300K, committed 14784K, reserved 425984K
}
Event: 38.988 GC heap after
{Heap after GC invocations=35 (full 0):
 garbage-first heap   total 307200K, used 175032K [0x0000000080000000, 0x0000000100000000)
  region size 1024K, 13 young (13312K), 13 survivors (13312K)
 Metaspace       used 101365K, committed 102336K, reserved 557056K
  class space    used 14300K, committed 14784K, reserved 425984K
}
Event: 41.457 GC heap before
{Heap before GC invocations=35 (full 0):
 garbage-first heap   total 307200K, used 246712K [0x0000000080000000, 0x0000000100000000)
  region size 1024K, 83 young (84992K), 13 survivors (13312K)
 Metaspace       used 105163K, committed 106304K, reserved 557056K
  class space    used 14810K, committed 15360K, reserved 425984K
}
Event: 41.488 GC heap after
{Heap after GC invocations=36 (full 0):
 garbage-first heap   total 307200K, used 186754K [0x0000000080000000, 0x0000000100000000)
  region size 1024K, 11 young (11264K), 11 survivors (11264K)
 Metaspace       used 105163K, committed 106304K, reserved 557056K
  class space    used 14810K, committed 15360K, reserved 425984K
}
Event: 43.050 GC heap before
{Heap before GC invocations=36 (full 0):
 garbage-first heap   total 307200K, used 249218K [0x0000000080000000, 0x0000000100000000)
  region size 1024K, 72 young (73728K), 11 survivors (11264K)
 Metaspace       used 108041K, committed 109184K, reserved 557056K
  class space    used 15152K, committed 15744K, reserved 425984K
}
Event: 43.093 GC heap after
{Heap after GC invocations=37 (full 0):
 garbage-first heap   total 307200K, used 196013K [0x0000000080000000, 0x0000000100000000)
  region size 1024K, 9 young (9216K), 9 survivors (9216K)
 Metaspace       used 108041K, committed 109184K, reserved 557056K
  class space    used 15152K, committed 15744K, reserved 425984K
}
Event: 44.074 GC heap before
{Heap before GC invocations=37 (full 0):
 garbage-first heap   total 307200K, used 252333K [0x0000000080000000, 0x0000000100000000)
  region size 1024K, 64 young (65536K), 9 survivors (9216K)
 Metaspace       used 108396K, committed 109632K, reserved 557056K
  class space    used 15169K, committed 15744K, reserved 425984K
}
Event: 44.092 GC heap after
{Heap after GC invocations=38 (full 0):
 garbage-first heap   total 307200K, used 201116K [0x0000000080000000, 0x0000000100000000)
  region size 1024K, 6 young (6144K), 6 survivors (6144K)
 Metaspace       used 108396K, committed 109632K, reserved 557056K
  class space    used 15169K, committed 15744K, reserved 425984K
}
Event: 44.959 GC heap before
{Heap before GC invocations=38 (full 0):
 garbage-first heap   total 307200K, used 254364K [0x0000000080000000, 0x0000000100000000)
  region size 1024K, 59 young (60416K), 6 survivors (6144K)
 Metaspace       used 108825K, committed 110080K, reserved 557056K
  class space    used 15219K, committed 15808K, reserved 425984K
}
Event: 44.972 GC heap after
{Heap after GC invocations=39 (full 0):
 garbage-first heap   total 307200K, used 207862K [0x0000000080000000, 0x0000000100000000)
  region size 1024K, 7 young (7168K), 7 survivors (7168K)
 Metaspace       used 108825K, committed 110080K, reserved 557056K
  class space    used 15219K, committed 15808K, reserved 425984K
}
Event: 45.867 GC heap before
{Heap before GC invocations=39 (full 0):
 garbage-first heap   total 307200K, used 255990K [0x0000000080000000, 0x0000000100000000)
  region size 1024K, 55 young (56320K), 7 survivors (7168K)
 Metaspace       used 109164K, committed 110336K, reserved 557056K
  class space    used 15253K, committed 15808K, reserved 425984K
}
Event: 45.878 GC heap after
{Heap after GC invocations=40 (full 0):
 garbage-first heap   total 307200K, used 210363K [0x0000000080000000, 0x0000000100000000)
  region size 1024K, 5 young (5120K), 5 survivors (5120K)
 Metaspace       used 109164K, committed 110336K, reserved 557056K
  class space    used 15253K, committed 15808K, reserved 425984K
}

